<?xml version="1.0" encoding="UTF-8"?>
<!-- Generated by org.testng.reporters.JUnitReportReporter -->
<testsuite hostname="hp" failures="0" tests="1" name="btes.automationDemo.MyTest" time="20.005" errors="0" timestamp="2023-05-17T16:42:54 IST" skipped="0">
  <testcase classname="btes.automationDemo.MyTest" name="mainmethod" time="20.005"/>
  <system-out/>
</testsuite> <!-- btes.automationDemo.MyTest -->
